<?xml version="1.0" encoding="UTF-8"?>
<testsuite name="library_rest_spring_boot.library.book.BookServiceTest" tests="4" skipped="0" failures="0" errors="0" timestamp="2024-07-19T20:00:59" hostname="hendryl-ubuntu" time="1.004">
  <properties/>
  <testcase name="testFindAll()" classname="library_rest_spring_boot.library.book.BookServiceTest" time="0.979"/>
  <testcase name="testFindById_Found()" classname="library_rest_spring_boot.library.book.BookServiceTest" time="0.008"/>
  <testcase name="testDeleteById()" classname="library_rest_spring_boot.library.book.BookServiceTest" time="0.005"/>
  <testcase name="testFindById_NotFound()" classname="library_rest_spring_boot.library.book.BookServiceTest" time="0.005"/>
  <system-out><![CDATA[]]></system-out>
  <system-err><![CDATA[]]></system-err>
</testsuite>
