<?xml version="1.0" encoding="UTF-8"?>
<testsuite name="library_rest_spring_boot.library.author.AuthorServiceTest" tests="4" skipped="0" failures="0" errors="0" timestamp="2024-07-19T20:01:00" hostname="hendryl-ubuntu" time="0.124">
  <properties/>
  <testcase name="testFindAll()" classname="library_rest_spring_boot.library.author.AuthorServiceTest" time="0.099"/>
  <testcase name="testSaveAuthor()" classname="library_rest_spring_boot.library.author.AuthorServiceTest" time="0.008"/>
  <testcase name="testFindById()" classname="library_rest_spring_boot.library.author.AuthorServiceTest" time="0.004"/>
  <testcase name="testDeleteById()" classname="library_rest_spring_boot.library.author.AuthorServiceTest" time="0.004"/>
  <system-out><![CDATA[]]></system-out>
  <system-err><![CDATA[]]></system-err>
</testsuite>
