<?xml version="1.0" encoding="UTF-8"?>
<testsuite name="library_rest_spring_boot.library.loans.LoanResourceTest" tests="7" skipped="0" failures="0" errors="0" timestamp="2024-07-17T23:52:30" hostname="hendryl-ubuntu" time="0.893">
  <properties/>
  <testcase name="testUpdateLoan_Found()" classname="library_rest_spring_boot.library.loans.LoanResourceTest" time="0.847"/>
  <testcase name="testGetAllLoans()" classname="library_rest_spring_boot.library.loans.LoanResourceTest" time="0.005"/>
  <testcase name="testGetLoanById_Found()" classname="library_rest_spring_boot.library.loans.LoanResourceTest" time="0.007"/>
  <testcase name="testCreateLoan()" classname="library_rest_spring_boot.library.loans.LoanResourceTest" time="0.004"/>
  <testcase name="testDeleteLoan()" classname="library_rest_spring_boot.library.loans.LoanResourceTest" time="0.007"/>
  <testcase name="testGetLoanById_NotFound()" classname="library_rest_spring_boot.library.loans.LoanResourceTest" time="0.005"/>
  <testcase name="testUpdateLoan_NotFound()" classname="library_rest_spring_boot.library.loans.LoanResourceTest" time="0.007"/>
  <system-out><![CDATA[]]></system-out>
  <system-err><![CDATA[]]></system-err>
</testsuite>
