<?xml version="1.0" encoding="UTF-8"?>
<testsuite name="library_rest_spring_boot.library.book.BookResourceTest" tests="5" skipped="0" failures="0" errors="0" timestamp="2024-07-19T20:01:00" hostname="hendryl-ubuntu" time="0.081">
  <properties/>
  <testcase name="getAllBooks()" classname="library_rest_spring_boot.library.book.BookResourceTest" time="0.037"/>
  <testcase name="updateBook()" classname="library_rest_spring_boot.library.book.BookResourceTest" time="0.011"/>
  <testcase name="getBookById()" classname="library_rest_spring_boot.library.book.BookResourceTest" time="0.01"/>
  <testcase name="createBook()" classname="library_rest_spring_boot.library.book.BookResourceTest" time="0.006"/>
  <testcase name="deleteBook()" classname="library_rest_spring_boot.library.book.BookResourceTest" time="0.009"/>
  <system-out><![CDATA[]]></system-out>
  <system-err><![CDATA[]]></system-err>
</testsuite>
