<?xml version="1.0" encoding="UTF-8"?>
<testsuite name="library_rest_spring_boot.library.book.BookServiceTest" tests="5" skipped="0" failures="0" errors="0" timestamp="2024-07-17T23:33:21" hostname="hendryl-ubuntu" time="1.033">
  <properties/>
  <testcase name="testFindAll()" classname="library_rest_spring_boot.library.book.BookServiceTest" time="0.992"/>
  <testcase name="testSave()" classname="library_rest_spring_boot.library.book.BookServiceTest" time="0.014"/>
  <testcase name="testFindById_Found()" classname="library_rest_spring_boot.library.book.BookServiceTest" time="0.008"/>
  <testcase name="testDeleteById()" classname="library_rest_spring_boot.library.book.BookServiceTest" time="0.007"/>
  <testcase name="testFindById_NotFound()" classname="library_rest_spring_boot.library.book.BookServiceTest" time="0.005"/>
  <system-out><![CDATA[]]></system-out>
  <system-err><![CDATA[]]></system-err>
</testsuite>
